<?xml version="1.0" encoding="UTF-8"?>
<testsuite time='0.001262' skipped='0' failures='0' errors='0' name="EventTest" assertions='0' tests='2'>
  <testcase time='0.000750' file="test/models/event_test.rb" name="test_tagline" assertions='0'>
  </testcase>
  <testcase time='0.000512' file="test/models/event_test.rb" name="test_date_order" assertions='0'>
  </testcase>
</testsuite>
