<?xml version="1.0" encoding="UTF-8"?>
<testsuite time='0.140031' skipped='0' failures='0' errors='0' name="ErrorsControllerTest" assertions='9' tests='3'>
  <testcase time='0.136453' file="test/controllers/errors_controller_test.rb" name="test_422" assertions='3'>
  </testcase>
  <testcase time='0.001852' file="test/controllers/errors_controller_test.rb" name="test_500" assertions='3'>
  </testcase>
  <testcase time='0.001727' file="test/controllers/errors_controller_test.rb" name="test_404" assertions='3'>
  </testcase>
</testsuite>
