<?xml version="1.0" encoding="UTF-8"?>
<testsuite time='0.106379' skipped='0' failures='0' errors='0' name="CaseFilesControllerTest" assertions='9' tests='5'>
  <testcase time='0.040511' file="test/controllers/case_files_controller_test.rb" name="test_Guest_can_view_show" assertions='2'>
  </testcase>
  <testcase time='0.021449' file="test/controllers/case_files_controller_test.rb" name="test_Guest_can_view_index" assertions='2'>
  </testcase>
  <testcase time='0.023389' file="test/controllers/case_files_controller_test.rb" name="test_Researcher_can_edit" assertions='1'>
  </testcase>
  <testcase time='0.011605' file="test/controllers/case_files_controller_test.rb" name="test_Guest_cannot_edit" assertions='2'>
  </testcase>
  <testcase time='0.009424' file="test/controllers/case_files_controller_test.rb" name="test_Invalid_case_ID_shows_index" assertions='2'>
  </testcase>
</testsuite>
