<?xml version="1.0" encoding="UTF-8"?>
<testsuite time='0.380499' skipped='0' failures='0' errors='0' name="CaseFilesControllerTest" assertions='9' tests='5'>
  <testcase time='0.288153' file="test/controllers/case_files_controller_test.rb" name="test_Guest_can_view_index" assertions='2'>
  </testcase>
  <testcase time='0.011060' file="test/controllers/case_files_controller_test.rb" name="test_Invalid_case_ID_shows_index" assertions='2'>
  </testcase>
  <testcase time='0.034501' file="test/controllers/case_files_controller_test.rb" name="test_Guest_can_view_show" assertions='2'>
  </testcase>
  <testcase time='0.012105' file="test/controllers/case_files_controller_test.rb" name="test_Guest_cannot_edit" assertions='2'>
  </testcase>
  <testcase time='0.034679' file="test/controllers/case_files_controller_test.rb" name="test_Researcher_can_edit" assertions='1'>
  </testcase>
</testsuite>
