<?xml version="1.0" encoding="UTF-8"?>
<testsuite time='0.104263' skipped='0' failures='0' errors='0' name="UsersControllerTest" assertions='4' tests='4'>
  <testcase time='0.046424' file="test/controllers/users_controller_test.rb" name="test_Users_cannot_create_accounts_as_admin" assertions='1'>
  </testcase>
  <testcase time='0.012497' file="test/controllers/users_controller_test.rb" name="test_Cannot_edit_others" assertions='1'>
  </testcase>
  <testcase time='0.019337' file="test/controllers/users_controller_test.rb" name="test_Guest_can_create" assertions='1'>
  </testcase>
  <testcase time='0.026005' file="test/controllers/users_controller_test.rb" name="test_User_accounts_are_created_as_user" assertions='1'>
  </testcase>
</testsuite>
