<?xml version="1.0" encoding="UTF-8"?>
<testsuite time='0.319558' skipped='0' failures='0' errors='0' name="PeopleControllerTest" assertions='9' tests='5'>
  <testcase time='0.220178' file="test/controllers/people_controller_test.rb" name="test_Guest_can_view_index" assertions='2'>
  </testcase>
  <testcase time='0.037950' file="test/controllers/people_controller_test.rb" name="test_Guest_can_view_show" assertions='2'>
  </testcase>
  <testcase time='0.011883' file="test/controllers/people_controller_test.rb" name="test_Guest_cannot_edit" assertions='2'>
  </testcase>
  <testcase time='0.008703' file="test/controllers/people_controller_test.rb" name="test_Invalid_ID_shows_index" assertions='2'>
  </testcase>
  <testcase time='0.040844' file="test/controllers/people_controller_test.rb" name="test_Researcher_can_edit" assertions='1'>
  </testcase>
</testsuite>
